Using pre-set license
Built from '2020.3/staging' branch; Version is '2020.3.9f1 (108be757e447) revision 1084391'; Using compiler version '192528614'; Build Type 'Release'
OS: 'Windows 10 Enterprise; OS build 19042.1348; Version 2009; 64bit' Language: 'en' Physical Memory: 32596 MB
BatchMode: 1, IsHumanControllingUs: 0, StartBugReporterOnCrash: 0, Is64bit: 1, IsPro: 0

 COMMAND LINE ARGUMENTS:
C:\Program Files\Unity\Hub\Editor\2020.3.9f1\Editor\Unity.exe
-adb2
-batchMode
-noUpm
-name
AssetImportWorker0
-projectPath
C:/Users/s0536046/Documents/GitHub/TowerScene/Myles_Final_Proj/Myles_final
-logFile
Logs/AssetImportWorker0.log
-srvPort
51367
Successfully changed project path to: C:/Users/s0536046/Documents/GitHub/TowerScene/Myles_Final_Proj/Myles_final
C:/Users/s0536046/Documents/GitHub/TowerScene/Myles_Final_Proj/Myles_final
Using Asset Import Pipeline V2.
Refreshing native plugins compatible for Editor in 64.23 ms, found 8 plugins.
Preloading 2 native plugins for Editor in 4.15 ms.
Initialize engine version: 2020.3.9f1 (108be757e447)
[Subsystems] Discovering subsystems at path C:/Program Files/Unity/Hub/Editor/2020.3.9f1/Editor/Data/Resources/UnitySubsystems
[Subsystems] Discovering subsystems at path C:/Users/s0536046/Documents/GitHub/TowerScene/Myles_Final_Proj/Myles_final/Assets
GfxDevice: creating device client; threaded=0
Direct3D:
    Version:  Direct3D 11.0 [level 11.1]
    Renderer: NVIDIA GeForce RTX 2080 SUPER (ID=0x1e81)
    Vendor:   
    VRAM:     8010 MB
    Driver:   30.0.14.7141
Shader 'Universal Render Pipeline/Particles/Lit': fallback shader 'Universal Render Pipeline/Particles/SimpleLit' not found
Initialize mono
Mono path[0] = 'C:/Program Files/Unity/Hub/Editor/2020.3.9f1/Editor/Data/Managed'
Mono path[1] = 'C:/Program Files/Unity/Hub/Editor/2020.3.9f1/Editor/Data/MonoBleedingEdge/lib/mono/unityjit'
Mono config path = 'C:/Program Files/Unity/Hub/Editor/2020.3.9f1/Editor/Data/MonoBleedingEdge/etc'
Using monoOptions --debugger-agent=transport=dt_socket,embedding=1,server=y,suspend=n,address=127.0.0.1:56672
Begin MonoManager ReloadAssembly
Registering precompiled unity dll's ...
Register platform support module: C:/Program Files/Unity/Hub/Editor/2020.3.9f1/Editor/Data/PlaybackEngines/WindowsStandaloneSupport/UnityEditor.WindowsStandalone.Extensions.dll
Registered in 0.002217 seconds.
Native extension for WindowsStandalone target not found
Refreshing native plugins compatible for Editor in 50.55 ms, found 8 plugins.
Preloading 2 native plugins for Editor in 0.16 ms.
Mono: successfully reloaded assembly
- Completed reload, in  1.697 seconds
Platform modules already initialized, skipping
Registering precompiled user dll's ...
Registered in 0.004494 seconds.
Begin MonoManager ReloadAssembly
Native extension for WindowsStandalone target not found
Refreshing native plugins compatible for Editor in 53.28 ms, found 8 plugins.
Preloading 2 native plugins for Editor in 0.15 ms.
[XR] OculusXRPlugin: registering subsystems
[XR] Unable to register display lifecyle provider: [1]
[XR] Oculus Input lifecycle provider registered.
[XR] Unable to register input lifecyle provider: [1]
NullReferenceException: Object reference not set to an instance of an object
  at Unity.XR.Oculus.OculusLoader.AssetPathToAbsolutePath (System.String assetPath) [0x00048] in C:\Users\s0536046\Documents\GitHub\TowerScene\Myles_Final_Proj\Myles_final\Library\PackageCache\com.unity.xr.oculus@1.9.1\Runtime\OculusLoader.cs:249 
  at Unity.XR.Oculus.OculusLoader.EditorLoadOVRPlugin () [0x0007b] in C:\Users\s0536046\Documents\GitHub\TowerScene\Myles_Final_Proj\Myles_final\Library\PackageCache\com.unity.xr.oculus@1.9.1\Runtime\OculusLoader.cs:234 

(Filename: Library/PackageCache/com.unity.xr.oculus@1.9.1/Runtime/OculusLoader.cs Line: 249)

Mono: successfully reloaded assembly
- Completed reload, in  0.941 seconds
Platform modules already initialized, skipping
========================================================================
Worker process is ready to serve import requests
Shader 'Universal Render Pipeline/Particles/Lit': fallback shader 'Universal Render Pipeline/Particles/SimpleLit' not found
Launched and connected shader compiler UnityShaderCompiler.exe after 0.06 seconds
Refreshing native plugins compatible for Editor in 0.74 ms, found 8 plugins.
Preloading 2 native plugins for Editor in 0.18 ms.
Unloading 3419 Unused Serialized files (Serialized files now loaded: 0)
System memory in use before: 155.6 MB.
System memory in use after: 155.7 MB.

Unloading 40 unused Assets to reduce memory usage. Loaded Objects now: 3840.
Total: 3.591800 ms (FindLiveObjects: 0.483900 ms CreateObjectMapping: 0.239900 ms MarkObjects: 2.679600 ms  DeleteObjects: 0.187100 ms)

========================================================================
Received Import Request.
  path: Assets/zSample/Readme.asset
  artifactKey: Guid(83c2ed844a8c74b779a4c823d16594b1) Importer(815301076,1909f56bfc062723c751e8b465ee728b)
Start importing Assets/zSample/Readme.asset using Guid(83c2ed844a8c74b779a4c823d16594b1) Importer(815301076,1909f56bfc062723c751e8b465ee728b)  -> (artifact id: '223d76d395327ac4f4cf23ee35f0a184') in 0.038838 seconds
  Import took 0.044251 seconds .

========================================================================
Received Import Request.
  Time since last request: 1.653562 seconds.
  path: Assets/Scenes/Final.unity
  artifactKey: Guid(7f13ca337e0772c42a2427c65530b6a3) Importer(815301076,1909f56bfc062723c751e8b465ee728b)
Start importing Assets/Scenes/Final.unity using Guid(7f13ca337e0772c42a2427c65530b6a3) Importer(815301076,1909f56bfc062723c751e8b465ee728b)  -> (artifact id: '056a576d87b3ee539ca16804429c5497') in 0.008675 seconds
  Import took 0.012957 seconds .

========================================================================
Received Import Request.
  Time since last request: 0.001461 seconds.
  path: Assets/Scenes/Final.unity
  artifactKey: Guid(7f13ca337e0772c42a2427c65530b6a3) Importer(815301076,1909f56bfc062723c751e8b465ee728b)
Start importing Assets/Scenes/Final.unity using Guid(7f13ca337e0772c42a2427c65530b6a3) Importer(815301076,1909f56bfc062723c751e8b465ee728b)  -> (artifact id: '056a576d87b3ee539ca16804429c5497') in 0.005064 seconds
  Import took 0.009827 seconds .

========================================================================
Received Import Request.
  Time since last request: 155.934834 seconds.
  path: Assets/Scripts/UI
  artifactKey: Guid(4966f3874c4975b41a4366e77e53428d) Importer(815301076,1909f56bfc062723c751e8b465ee728b)
Start importing Assets/Scripts/UI using Guid(4966f3874c4975b41a4366e77e53428d) Importer(815301076,1909f56bfc062723c751e8b465ee728b)  -> (artifact id: 'ebefd316b1e9255867e73c552ba427e6') in 0.009352 seconds
  Import took 0.014046 seconds .

========================================================================
Received Prepare
Registering precompiled user dll's ...
Registered in 0.502446 seconds.
Begin MonoManager ReloadAssembly
Native extension for WindowsStandalone target not found
Refreshing native plugins compatible for Editor in 0.80 ms, found 8 plugins.
Preloading 2 native plugins for Editor in 0.18 ms.
NullReferenceException: Object reference not set to an instance of an object
  at Unity.XR.Oculus.OculusLoader.AssetPathToAbsolutePath (System.String assetPath) [0x00048] in C:\Users\s0536046\Documents\GitHub\TowerScene\Myles_Final_Proj\Myles_final\Library\PackageCache\com.unity.xr.oculus@1.9.1\Runtime\OculusLoader.cs:249 
  at Unity.XR.Oculus.OculusLoader.EditorLoadOVRPlugin () [0x0007b] in C:\Users\s0536046\Documents\GitHub\TowerScene\Myles_Final_Proj\Myles_final\Library\PackageCache\com.unity.xr.oculus@1.9.1\Runtime\OculusLoader.cs:234 

(Filename: Library/PackageCache/com.unity.xr.oculus@1.9.1/Runtime/OculusLoader.cs Line: 249)

Mono: successfully reloaded assembly
- Completed reload, in  6.058 seconds
Platform modules already initialized, skipping
Shader 'Universal Render Pipeline/Particles/Lit': fallback shader 'Universal Render Pipeline/Particles/SimpleLit' not found
Refreshing native plugins compatible for Editor in 0.73 ms, found 8 plugins.
Preloading 2 native plugins for Editor in 0.15 ms.
Unloading 3263 Unused Serialized files (Serialized files now loaded: 0)
System memory in use before: 144.9 MB.
System memory in use after: 145.1 MB.

Unloading 33 unused Assets to reduce memory usage. Loaded Objects now: 3844.
Total: 2.070000 ms (FindLiveObjects: 0.245700 ms CreateObjectMapping: 0.128500 ms MarkObjects: 1.635500 ms  DeleteObjects: 0.059900 ms)

========================================================================
Received Prepare
Registering precompiled user dll's ...
Registered in 0.218424 seconds.
Begin MonoManager ReloadAssembly
Native extension for WindowsStandalone target not found
Refreshing native plugins compatible for Editor in 0.86 ms, found 8 plugins.
Preloading 2 native plugins for Editor in 0.18 ms.
NullReferenceException: Object reference not set to an instance of an object
  at Unity.XR.Oculus.OculusLoader.AssetPathToAbsolutePath (System.String assetPath) [0x00048] in C:\Users\s0536046\Documents\GitHub\TowerScene\Myles_Final_Proj\Myles_final\Library\PackageCache\com.unity.xr.oculus@1.9.1\Runtime\OculusLoader.cs:249 
  at Unity.XR.Oculus.OculusLoader.EditorLoadOVRPlugin () [0x0007b] in C:\Users\s0536046\Documents\GitHub\TowerScene\Myles_Final_Proj\Myles_final\Library\PackageCache\com.unity.xr.oculus@1.9.1\Runtime\OculusLoader.cs:234 

(Filename: Library/PackageCache/com.unity.xr.oculus@1.9.1/Runtime/OculusLoader.cs Line: 249)

Mono: successfully reloaded assembly
- Completed reload, in  1.016 seconds
Platform modules already initialized, skipping
Shader 'Universal Render Pipeline/Particles/Lit': fallback shader 'Universal Render Pipeline/Particles/SimpleLit' not found
Refreshing native plugins compatible for Editor in 0.76 ms, found 8 plugins.
Preloading 2 native plugins for Editor in 0.15 ms.
Unloading 3263 Unused Serialized files (Serialized files now loaded: 0)
System memory in use before: 145.0 MB.
System memory in use after: 145.1 MB.

Unloading 33 unused Assets to reduce memory usage. Loaded Objects now: 3848.
Total: 3.309900 ms (FindLiveObjects: 0.244500 ms CreateObjectMapping: 0.180400 ms MarkObjects: 2.749400 ms  DeleteObjects: 0.134600 ms)

========================================================================
Received Prepare
Registering precompiled user dll's ...
Registered in 0.004581 seconds.
Begin MonoManager ReloadAssembly
Native extension for WindowsStandalone target not found
Refreshing native plugins compatible for Editor in 0.71 ms, found 8 plugins.
Preloading 2 native plugins for Editor in 0.16 ms.
NullReferenceException: Object reference not set to an instance of an object
  at Unity.XR.Oculus.OculusLoader.AssetPathToAbsolutePath (System.String assetPath) [0x00048] in C:\Users\s0536046\Documents\GitHub\TowerScene\Myles_Final_Proj\Myles_final\Library\PackageCache\com.unity.xr.oculus@1.9.1\Runtime\OculusLoader.cs:249 
  at Unity.XR.Oculus.OculusLoader.EditorLoadOVRPlugin () [0x0007b] in C:\Users\s0536046\Documents\GitHub\TowerScene\Myles_Final_Proj\Myles_final\Library\PackageCache\com.unity.xr.oculus@1.9.1\Runtime\OculusLoader.cs:234 

(Filename: Library/PackageCache/com.unity.xr.oculus@1.9.1/Runtime/OculusLoader.cs Line: 249)

Mono: successfully reloaded assembly
- Completed reload, in  0.883 seconds
Platform modules already initialized, skipping
Shader 'Universal Render Pipeline/Particles/Lit': fallback shader 'Universal Render Pipeline/Particles/SimpleLit' not found
Refreshing native plugins compatible for Editor in 0.83 ms, found 8 plugins.
Preloading 2 native plugins for Editor in 0.14 ms.
Unloading 3263 Unused Serialized files (Serialized files now loaded: 0)
System memory in use before: 145.0 MB.
System memory in use after: 145.2 MB.

Unloading 33 unused Assets to reduce memory usage. Loaded Objects now: 3852.
Total: 2.208700 ms (FindLiveObjects: 0.246800 ms CreateObjectMapping: 0.120200 ms MarkObjects: 1.773800 ms  DeleteObjects: 0.066900 ms)

========================================================================
Received Prepare
Registering precompiled user dll's ...
Registered in 0.188354 seconds.
Begin MonoManager ReloadAssembly
Native extension for WindowsStandalone target not found
Refreshing native plugins compatible for Editor in 0.94 ms, found 8 plugins.
Preloading 2 native plugins for Editor in 0.19 ms.
NullReferenceException: Object reference not set to an instance of an object
  at Unity.XR.Oculus.OculusLoader.AssetPathToAbsolutePath (System.String assetPath) [0x00048] in C:\Users\s0536046\Documents\GitHub\TowerScene\Myles_Final_Proj\Myles_final\Library\PackageCache\com.unity.xr.oculus@1.9.1\Runtime\OculusLoader.cs:249 
  at Unity.XR.Oculus.OculusLoader.EditorLoadOVRPlugin () [0x0007b] in C:\Users\s0536046\Documents\GitHub\TowerScene\Myles_Final_Proj\Myles_final\Library\PackageCache\com.unity.xr.oculus@1.9.1\Runtime\OculusLoader.cs:234 

(Filename: Library/PackageCache/com.unity.xr.oculus@1.9.1/Runtime/OculusLoader.cs Line: 249)

Mono: successfully reloaded assembly
- Completed reload, in  0.935 seconds
Platform modules already initialized, skipping
Shader 'Universal Render Pipeline/Particles/Lit': fallback shader 'Universal Render Pipeline/Particles/SimpleLit' not found
Refreshing native plugins compatible for Editor in 0.81 ms, found 8 plugins.
Preloading 2 native plugins for Editor in 0.18 ms.
Unloading 3263 Unused Serialized files (Serialized files now loaded: 0)
System memory in use before: 145.0 MB.
System memory in use after: 145.2 MB.

Unloading 33 unused Assets to reduce memory usage. Loaded Objects now: 3856.
Total: 2.947300 ms (FindLiveObjects: 0.430700 ms CreateObjectMapping: 0.278700 ms MarkObjects: 2.124400 ms  DeleteObjects: 0.112600 ms)

========================================================================
Received Prepare
Registering precompiled user dll's ...
Registered in 0.004611 seconds.
Begin MonoManager ReloadAssembly
Native extension for WindowsStandalone target not found
Refreshing native plugins compatible for Editor in 0.70 ms, found 8 plugins.
Preloading 2 native plugins for Editor in 0.16 ms.
NullReferenceException: Object reference not set to an instance of an object
  at Unity.XR.Oculus.OculusLoader.AssetPathToAbsolutePath (System.String assetPath) [0x00048] in C:\Users\s0536046\Documents\GitHub\TowerScene\Myles_Final_Proj\Myles_final\Library\PackageCache\com.unity.xr.oculus@1.9.1\Runtime\OculusLoader.cs:249 
  at Unity.XR.Oculus.OculusLoader.EditorLoadOVRPlugin () [0x0007b] in C:\Users\s0536046\Documents\GitHub\TowerScene\Myles_Final_Proj\Myles_final\Library\PackageCache\com.unity.xr.oculus@1.9.1\Runtime\OculusLoader.cs:234 

(Filename: Library/PackageCache/com.unity.xr.oculus@1.9.1/Runtime/OculusLoader.cs Line: 249)

Mono: successfully reloaded assembly
- Completed reload, in  0.840 seconds
Platform modules already initialized, skipping
Shader 'Universal Render Pipeline/Particles/Lit': fallback shader 'Universal Render Pipeline/Particles/SimpleLit' not found
Refreshing native plugins compatible for Editor in 0.75 ms, found 8 plugins.
Preloading 2 native plugins for Editor in 0.15 ms.
Unloading 3263 Unused Serialized files (Serialized files now loaded: 0)
System memory in use before: 145.0 MB.
System memory in use after: 145.2 MB.

Unloading 33 unused Assets to reduce memory usage. Loaded Objects now: 3860.
Total: 2.335400 ms (FindLiveObjects: 0.268600 ms CreateObjectMapping: 0.148100 ms MarkObjects: 1.839700 ms  DeleteObjects: 0.078300 ms)

========================================================================
Received Prepare
Registering precompiled user dll's ...
Registered in 0.004592 seconds.
Begin MonoManager ReloadAssembly
Native extension for WindowsStandalone target not found
Refreshing native plugins compatible for Editor in 0.70 ms, found 8 plugins.
Preloading 2 native plugins for Editor in 0.28 ms.
NullReferenceException: Object reference not set to an instance of an object
  at Unity.XR.Oculus.OculusLoader.AssetPathToAbsolutePath (System.String assetPath) [0x00048] in C:\Users\s0536046\Documents\GitHub\TowerScene\Myles_Final_Proj\Myles_final\Library\PackageCache\com.unity.xr.oculus@1.9.1\Runtime\OculusLoader.cs:249 
  at Unity.XR.Oculus.OculusLoader.EditorLoadOVRPlugin () [0x0007b] in C:\Users\s0536046\Documents\GitHub\TowerScene\Myles_Final_Proj\Myles_final\Library\PackageCache\com.unity.xr.oculus@1.9.1\Runtime\OculusLoader.cs:234 

(Filename: Library/PackageCache/com.unity.xr.oculus@1.9.1/Runtime/OculusLoader.cs Line: 249)

Mono: successfully reloaded assembly
- Completed reload, in  0.829 seconds
Platform modules already initialized, skipping
Shader 'Universal Render Pipeline/Particles/Lit': fallback shader 'Universal Render Pipeline/Particles/SimpleLit' not found
Refreshing native plugins compatible for Editor in 0.80 ms, found 8 plugins.
Preloading 2 native plugins for Editor in 0.16 ms.
Unloading 3263 Unused Serialized files (Serialized files now loaded: 0)
System memory in use before: 145.0 MB.
System memory in use after: 145.2 MB.

Unloading 33 unused Assets to reduce memory usage. Loaded Objects now: 3864.
Total: 2.086400 ms (FindLiveObjects: 0.239500 ms CreateObjectMapping: 0.116100 ms MarkObjects: 1.664800 ms  DeleteObjects: 0.065200 ms)

========================================================================
Received Import Request.
  Time since last request: 8570.332438 seconds.
  path: Assets/Scripts/CannonBall.cs
  artifactKey: Guid(44dd362ab78a21040b07eecf4aae119e) Importer(815301076,1909f56bfc062723c751e8b465ee728b)
Start importing Assets/Scripts/CannonBall.cs using Guid(44dd362ab78a21040b07eecf4aae119e) Importer(815301076,1909f56bfc062723c751e8b465ee728b)  -> (artifact id: '12ba5a4cc2eaf5ed6f511d7073fd1483') in 0.016112 seconds
  Import took 0.021282 seconds .

========================================================================
Received Import Request.
  Time since last request: 3.054674 seconds.
  path: Assets/Scripts/EventButton.cs
  artifactKey: Guid(c082f0c993822aa469bb1613890567eb) Importer(815301076,1909f56bfc062723c751e8b465ee728b)
Start importing Assets/Scripts/EventButton.cs using Guid(c082f0c993822aa469bb1613890567eb) Importer(815301076,1909f56bfc062723c751e8b465ee728b)  -> (artifact id: '6dc15e8f59920a61ba1dc5f7ac25d010') in 0.011535 seconds
  Import took 0.016641 seconds .

========================================================================
Received Import Request.
  Time since last request: 3.390088 seconds.
  path: Assets/Scripts/customUnityEventRequirment.cs
  artifactKey: Guid(f041e29e5788abd4ebd5c4660738cc87) Importer(815301076,1909f56bfc062723c751e8b465ee728b)
Start importing Assets/Scripts/customUnityEventRequirment.cs using Guid(f041e29e5788abd4ebd5c4660738cc87) Importer(815301076,1909f56bfc062723c751e8b465ee728b)  -> (artifact id: 'db3973688feed040c7c013a05ea41d9c') in 0.010460 seconds
  Import took 0.014734 seconds .

AssetImportWorkerClient::OnTransportError - code=2 error=End of file
