Using pre-set license
Built from '2020.3/staging' branch; Version is '2020.3.9f1 (108be757e447) revision 1084391'; Using compiler version '192528614'; Build Type 'Release'
OS: 'Windows 10 Pro; OS build 19042.1348; Version 2009; 64bit' Language: 'en' Physical Memory: 32677 MB
BatchMode: 1, IsHumanControllingUs: 0, StartBugReporterOnCrash: 0, Is64bit: 1, IsPro: 0

 COMMAND LINE ARGUMENTS:
C:\Program Files\Unity\Hub\Editor\2020.3.9f1\Editor\Unity.exe
-adb2
-batchMode
-noUpm
-name
AssetImportWorker0
-projectPath
S:/Myles_Final_Proj/Myles_final
-logFile
Logs/AssetImportWorker0.log
-srvPort
60850
Successfully changed project path to: S:/Myles_Final_Proj/Myles_final
S:/Myles_Final_Proj/Myles_final
Using Asset Import Pipeline V2.
Refreshing native plugins compatible for Editor in 61.83 ms, found 8 plugins.
Preloading 2 native plugins for Editor in 1.08 ms.
Initialize engine version: 2020.3.9f1 (108be757e447)
[Subsystems] Discovering subsystems at path C:/Program Files/Unity/Hub/Editor/2020.3.9f1/Editor/Data/Resources/UnitySubsystems
[Subsystems] Discovering subsystems at path S:/Myles_Final_Proj/Myles_final/Assets
GfxDevice: creating device client; threaded=0
Direct3D:
    Version:  Direct3D 11.0 [level 11.1]
    Renderer: AMD Radeon RX 5700 (ID=0x731f)
    Vendor:   
    VRAM:     8151 MB
    Driver:   27.20.21003.8013
Initialize mono
Mono path[0] = 'C:/Program Files/Unity/Hub/Editor/2020.3.9f1/Editor/Data/Managed'
Mono path[1] = 'C:/Program Files/Unity/Hub/Editor/2020.3.9f1/Editor/Data/MonoBleedingEdge/lib/mono/unityjit'
Mono config path = 'C:/Program Files/Unity/Hub/Editor/2020.3.9f1/Editor/Data/MonoBleedingEdge/etc'
Using monoOptions --debugger-agent=transport=dt_socket,embedding=1,server=y,suspend=n,address=127.0.0.1:56992
Begin MonoManager ReloadAssembly
Registering precompiled unity dll's ...
Register platform support module: C:/Program Files/Unity/Hub/Editor/2020.3.9f1/Editor/Data/PlaybackEngines/WindowsStandaloneSupport/UnityEditor.WindowsStandalone.Extensions.dll
Registered in 0.001819 seconds.
Native extension for WindowsStandalone target not found
Refreshing native plugins compatible for Editor in 57.63 ms, found 8 plugins.
Preloading 2 native plugins for Editor in 0.07 ms.
Mono: successfully reloaded assembly
- Completed reload, in  1.616 seconds
Platform modules already initialized, skipping
Registering precompiled user dll's ...
Registered in 0.003433 seconds.
Begin MonoManager ReloadAssembly
Native extension for WindowsStandalone target not found
Refreshing native plugins compatible for Editor in 57.57 ms, found 8 plugins.
Preloading 2 native plugins for Editor in 0.07 ms.
[XR] OculusXRPlugin: registering subsystems
[XR] Unable to register display lifecyle provider: [1]
[XR] Oculus Input lifecycle provider registered.
[XR] Unable to register input lifecyle provider: [1]
NullReferenceException: Object reference not set to an instance of an object
  at Unity.XR.Oculus.OculusLoader.AssetPathToAbsolutePath (System.String assetPath) [0x00048] in S:\Myles_Final\Myles_final\Library\PackageCache\com.unity.xr.oculus@1.9.1\Runtime\OculusLoader.cs:249 
  at Unity.XR.Oculus.OculusLoader.EditorLoadOVRPlugin () [0x0007b] in S:\Myles_Final\Myles_final\Library\PackageCache\com.unity.xr.oculus@1.9.1\Runtime\OculusLoader.cs:234 

(Filename: S:/Myles_Final/Myles_final/Library/PackageCache/com.unity.xr.oculus@1.9.1/Runtime/OculusLoader.cs Line: 249)

Mono: successfully reloaded assembly
- Completed reload, in  0.956 seconds
Platform modules already initialized, skipping
========================================================================
Worker process is ready to serve import requests
Shader 'Universal Render Pipeline/Particles/Lit': fallback shader 'Universal Render Pipeline/Particles/SimpleLit' not found
Shader 'Universal Render Pipeline/Particles/Lit': fallback shader 'Universal Render Pipeline/Particles/SimpleLit' not found
Launched and connected shader compiler UnityShaderCompiler.exe after 0.04 seconds
Refreshing native plugins compatible for Editor in 0.96 ms, found 8 plugins.
Preloading 2 native plugins for Editor in 0.08 ms.
Unloading 3428 Unused Serialized files (Serialized files now loaded: 0)
System memory in use before: 158.0 MB.
System memory in use after: 155.3 MB.

Unloading 74 unused Assets to reduce memory usage. Loaded Objects now: 3820.
Total: 4.351200 ms (FindLiveObjects: 0.377000 ms CreateObjectMapping: 0.084400 ms MarkObjects: 2.489000 ms  DeleteObjects: 1.399500 ms)

========================================================================
Received Import Request.
  path: Assets/Scripts/EventButtonL.cs
  artifactKey: Guid(744e9605bee642d4cafd3af96558dbb1) Importer(815301076,1909f56bfc062723c751e8b465ee728b)
Start importing Assets/Scripts/EventButtonL.cs using Guid(744e9605bee642d4cafd3af96558dbb1) Importer(815301076,1909f56bfc062723c751e8b465ee728b)  -> (artifact id: 'eca8dc4e0bf43f02dd138523de611436') in 0.026558 seconds
  Import took 0.031905 seconds .

========================================================================
Received Import Request.
  Time since last request: 12.517110 seconds.
  path: Assets/Scripts/SlidingDoorL.cs
  artifactKey: Guid(eeb4e0eb50f11e243b6ddc9ae7c3c42a) Importer(815301076,1909f56bfc062723c751e8b465ee728b)
Start importing Assets/Scripts/SlidingDoorL.cs using Guid(eeb4e0eb50f11e243b6ddc9ae7c3c42a) Importer(815301076,1909f56bfc062723c751e8b465ee728b)  -> (artifact id: 'e4e22350f521cf1c08081aec7a71a43a') in 0.006719 seconds
  Import took 0.012021 seconds .

========================================================================
Received Import Request.
  Time since last request: 0.000927 seconds.
  path: Assets/Scripts/SlidingDoorL.cs
  artifactKey: Guid(eeb4e0eb50f11e243b6ddc9ae7c3c42a) Importer(815301076,1909f56bfc062723c751e8b465ee728b)
Start importing Assets/Scripts/SlidingDoorL.cs using Guid(eeb4e0eb50f11e243b6ddc9ae7c3c42a) Importer(815301076,1909f56bfc062723c751e8b465ee728b)  -> (artifact id: 'e4e22350f521cf1c08081aec7a71a43a') in 0.003371 seconds
  Import took 0.008266 seconds .

========================================================================
Received Prepare
Registering precompiled user dll's ...
Registered in 0.002429 seconds.
Begin MonoManager ReloadAssembly
Native extension for WindowsStandalone target not found
Refreshing native plugins compatible for Editor in 1.05 ms, found 8 plugins.
Preloading 2 native plugins for Editor in 0.08 ms.
NullReferenceException: Object reference not set to an instance of an object
  at Unity.XR.Oculus.OculusLoader.AssetPathToAbsolutePath (System.String assetPath) [0x00048] in S:\Myles_Final\Myles_final\Library\PackageCache\com.unity.xr.oculus@1.9.1\Runtime\OculusLoader.cs:249 
  at Unity.XR.Oculus.OculusLoader.EditorLoadOVRPlugin () [0x0007b] in S:\Myles_Final\Myles_final\Library\PackageCache\com.unity.xr.oculus@1.9.1\Runtime\OculusLoader.cs:234 

(Filename: S:/Myles_Final/Myles_final/Library/PackageCache/com.unity.xr.oculus@1.9.1/Runtime/OculusLoader.cs Line: 249)

Mono: successfully reloaded assembly
- Completed reload, in  0.866 seconds
Platform modules already initialized, skipping
Shader 'Universal Render Pipeline/Particles/Lit': fallback shader 'Universal Render Pipeline/Particles/SimpleLit' not found
Shader 'Universal Render Pipeline/Particles/Lit': fallback shader 'Universal Render Pipeline/Particles/SimpleLit' not found
Refreshing native plugins compatible for Editor in 1.04 ms, found 8 plugins.
Preloading 2 native plugins for Editor in 0.08 ms.
Unloading 3305 Unused Serialized files (Serialized files now loaded: 0)
System memory in use before: 150.7 MB.
System memory in use after: 147.9 MB.

Unloading 67 unused Assets to reduce memory usage. Loaded Objects now: 3824.
Total: 4.641400 ms (FindLiveObjects: 0.363600 ms CreateObjectMapping: 0.088200 ms MarkObjects: 2.648100 ms  DeleteObjects: 1.539800 ms)

========================================================================
Received Prepare
Registering precompiled user dll's ...
Registered in 0.002613 seconds.
Begin MonoManager ReloadAssembly
Native extension for WindowsStandalone target not found
Refreshing native plugins compatible for Editor in 1.01 ms, found 8 plugins.
Preloading 2 native plugins for Editor in 0.08 ms.
NullReferenceException: Object reference not set to an instance of an object
  at Unity.XR.Oculus.OculusLoader.AssetPathToAbsolutePath (System.String assetPath) [0x00048] in S:\Myles_Final\Myles_final\Library\PackageCache\com.unity.xr.oculus@1.9.1\Runtime\OculusLoader.cs:249 
  at Unity.XR.Oculus.OculusLoader.EditorLoadOVRPlugin () [0x0007b] in S:\Myles_Final\Myles_final\Library\PackageCache\com.unity.xr.oculus@1.9.1\Runtime\OculusLoader.cs:234 

(Filename: S:/Myles_Final/Myles_final/Library/PackageCache/com.unity.xr.oculus@1.9.1/Runtime/OculusLoader.cs Line: 249)

Mono: successfully reloaded assembly
- Completed reload, in  0.833 seconds
Platform modules already initialized, skipping
Shader 'Universal Render Pipeline/Particles/Lit': fallback shader 'Universal Render Pipeline/Particles/SimpleLit' not found
Shader 'Universal Render Pipeline/Particles/Lit': fallback shader 'Universal Render Pipeline/Particles/SimpleLit' not found
Refreshing native plugins compatible for Editor in 1.03 ms, found 8 plugins.
Preloading 2 native plugins for Editor in 0.08 ms.
Unloading 3305 Unused Serialized files (Serialized files now loaded: 0)
System memory in use before: 150.7 MB.
System memory in use after: 148.0 MB.

Unloading 67 unused Assets to reduce memory usage. Loaded Objects now: 3828.
Total: 4.327000 ms (FindLiveObjects: 0.409300 ms CreateObjectMapping: 0.268800 ms MarkObjects: 2.046400 ms  DeleteObjects: 1.601600 ms)

AssetImportWorkerClient::OnTransportError - code=2 error=End of file
